<?xml version="1.0" encoding="UTF-8"?>
<!-- Generated by org.testng.reporters.JUnitReportReporter -->
<testsuite hostname="GGN000139416003" name="log4jsample.log4j" tests="5" failures="0" timestamp="9 May 2016 11:57:00 GMT" time="6.997" errors="0">
  <testcase name="calculate" time="0.633" classname="log4jsample.log4j"/>
  <testcase name="weight" time="1.683" classname="log4jsample.log4j"/>
  <testcase name="height" time="2.467" classname="log4jsample.log4j"/>
  <testcase name="gettingUnits" time="1.509" classname="log4jsample.log4j"/>
  <testcase name="screenshot" time="0.705" classname="log4jsample.log4j"/>
</testsuite> <!-- log4jsample.log4j -->
